# JRE version: OpenJDK Runtime Environment (17.0.10) (build 17.0.10+0--11609105)
# Java VM: OpenJDK 64-Bit Server VM (17.0.10+0--11609105, mixed mode, tiered, compressed oops, compressed class ptrs, g1 gc, windows-amd64)
GC Precious Log:
 CPUs: 8 total, 8 available
 Memory: 7502M
 Large Page Support: Disabled
 NUMA Support: Disabled
 Compressed Oops: Enabled (32-bit)
 Heap Region Size: 1M
 Heap Min Capacity: 8M
 Heap Initial Capacity: 118M
 Heap Max Capacity: 2G
 Pre-touch: Disabled
 Parallel Workers: 8
 Concurrent Workers: 2
 Concurrent Refinement Workers: 8
 Periodic GC: Disabled
Heap:
 garbage-first heap   total 319488K, used 202910K [0x0000000080000000, 0x0000000100000000)
  region size 1024K, 8 young (8192K), 8 survivors (8192K)
 Metaspace       used 127814K, committed 128832K, reserved 1179648K
  class space    used 16899K, committed 17408K, reserved 1048576K
GC Heap History (20 events):
Event: 31.749 GC heap after
{Heap after GC invocations=45 (full 0):
 garbage-first heap   total 319488K, used 121682K [0x0000000080000000, 0x0000000100000000)
  region size 1024K, 11 young (11264K), 11 survivors (11264K)
 Metaspace       used 106109K, committed 106880K, reserved 1179648K
  class space    used 14526K, committed 14912K, reserved 1048576K
}
Event: 32.903 GC heap before
{Heap before GC invocations=45 (full 0):
 garbage-first heap   total 319488K, used 158546K [0x0000000080000000, 0x0000000100000000)
  region size 1024K, 48 young (49152K), 11 survivors (11264K)
 Metaspace       used 108247K, committed 109056K, reserved 1179648K
  class space    used 14817K, committed 15232K, reserved 1048576K
}
Event: 32.918 GC heap after
{Heap after GC invocations=46 (full 0):
 garbage-first heap   total 319488K, used 124487K [0x0000000080000000, 0x0000000100000000)
  region size 1024K, 9 young (9216K), 9 survivors (9216K)
 Metaspace       used 108247K, committed 109056K, reserved 1179648K
  class space    used 14817K, committed 15232K, reserved 1048576K
}
Event: 35.193 GC heap before
{Heap before GC invocations=47 (full 0):
 garbage-first heap   total 319488K, used 300615K [0x0000000080000000, 0x0000000100000000)
  region size 1024K, 68 young (69632K), 9 survivors (9216K)
 Metaspace       used 113796K, committed 114560K, reserved 1179648K
  class space    used 15457K, committed 15872K, reserved 1048576K
}
Event: 35.206 GC heap after
{Heap after GC invocations=48 (full 0):
 garbage-first heap   total 319488K, used 123113K [0x0000000080000000, 0x0000000100000000)
  region size 1024K, 11 young (11264K), 11 survivors (11264K)
 Metaspace       used 113796K, committed 114560K, reserved 1179648K
  class space    used 15457K, committed 15872K, reserved 1048576K
}
Event: 35.282 GC heap before
{Heap before GC invocations=48 (full 0):
 garbage-first heap   total 319488K, used 126185K [0x0000000080000000, 0x0000000100000000)
  region size 1024K, 15 young (15360K), 11 survivors (11264K)
 Metaspace       used 114312K, committed 115200K, reserved 1179648K
  class space    used 15507K, committed 15936K, reserved 1048576K
}
Event: 35.297 GC heap after
{Heap after GC invocations=49 (full 0):
 garbage-first heap   total 319488K, used 120589K [0x0000000080000000, 0x0000000100000000)
  region size 1024K, 2 young (2048K), 2 survivors (2048K)
 Metaspace       used 114312K, committed 115200K, reserved 1179648K
  class space    used 15507K, committed 15936K, reserved 1048576K
}
Event: 75.096 GC heap before
{Heap before GC invocations=49 (full 0):
 garbage-first heap   total 319488K, used 272141K [0x0000000080000000, 0x0000000100000000)
  region size 1024K, 141 young (144384K), 2 survivors (2048K)
 Metaspace       used 117677K, committed 118528K, reserved 1179648K
  class space    used 15787K, committed 16256K, reserved 1048576K
}
Event: 75.123 GC heap after
{Heap after GC invocations=50 (full 0):
 garbage-first heap   total 319488K, used 152528K [0x0000000080000000, 0x0000000100000000)
  region size 1024K, 18 young (18432K), 18 survivors (18432K)
 Metaspace       used 117677K, committed 118528K, reserved 1179648K
  class space    used 15787K, committed 16256K, reserved 1048576K
}
Event: 76.330 GC heap before
{Heap before GC invocations=51 (full 0):
 garbage-first heap   total 319488K, used 262096K [0x0000000080000000, 0x0000000100000000)
  region size 1024K, 109 young (111616K), 18 survivors (18432K)
 Metaspace       used 119655K, committed 120512K, reserved 1179648K
  class space    used 15987K, committed 16384K, reserved 1048576K
}
Event: 76.360 GC heap after
{Heap after GC invocations=52 (full 0):
 garbage-first heap   total 319488K, used 163662K [0x0000000080000000, 0x0000000100000000)
  region size 1024K, 10 young (10240K), 10 survivors (10240K)
 Metaspace       used 119655K, committed 120512K, reserved 1179648K
  class space    used 15987K, committed 16384K, reserved 1048576K
}
Event: 76.441 GC heap before
{Heap before GC invocations=52 (full 0):
 garbage-first heap   total 319488K, used 167758K [0x0000000080000000, 0x0000000100000000)
  region size 1024K, 15 young (15360K), 10 survivors (10240K)
 Metaspace       used 119790K, committed 120704K, reserved 1179648K
  class space    used 15998K, committed 16448K, reserved 1048576K
}
Event: 76.456 GC heap after
{Heap after GC invocations=53 (full 0):
 garbage-first heap   total 319488K, used 161375K [0x0000000080000000, 0x0000000100000000)
  region size 1024K, 2 young (2048K), 2 survivors (2048K)
 Metaspace       used 119790K, committed 120704K, reserved 1179648K
  class space    used 15998K, committed 16448K, reserved 1048576K
}
Event: 80.253 GC heap before
{Heap before GC invocations=53 (full 0):
 garbage-first heap   total 319488K, used 249439K [0x0000000080000000, 0x0000000100000000)
  region size 1024K, 89 young (91136K), 2 survivors (2048K)
 Metaspace       used 124889K, committed 125824K, reserved 1179648K
  class space    used 16572K, committed 17024K, reserved 1048576K
}
Event: 80.266 GC heap after
{Heap after GC invocations=54 (full 0):
 garbage-first heap   total 319488K, used 161913K [0x0000000080000000, 0x0000000100000000)
  region size 1024K, 3 young (3072K), 3 survivors (3072K)
 Metaspace       used 124889K, committed 125824K, reserved 1179648K
  class space    used 16572K, committed 17024K, reserved 1048576K
}
Event: 122.997 GC heap before
{Heap before GC invocations=54 (full 0):
 garbage-first heap   total 319488K, used 257145K [0x0000000080000000, 0x0000000100000000)
  region size 1024K, 95 young (97280K), 3 survivors (3072K)
 Metaspace       used 125490K, committed 126464K, reserved 1179648K
  class space    used 16607K, committed 17088K, reserved 1048576K
}
Event: 123.020 GC heap after
{Heap after GC invocations=55 (full 0):
 garbage-first heap   total 319488K, used 181692K [0x0000000080000000, 0x0000000100000000)
  region size 1024K, 12 young (12288K), 12 survivors (12288K)
 Metaspace       used 125490K, committed 126464K, reserved 1179648K
  class space    used 16607K, committed 17088K, reserved 1048576K
}
Event: 123.794 GC heap before
{Heap before GC invocations=55 (full 0):
 garbage-first heap   total 319488K, used 256444K [0x0000000080000000, 0x0000000100000000)
  region size 1024K, 78 young (79872K), 12 survivors (12288K)
 Metaspace       used 127085K, committed 128000K, reserved 1179648K
  class space    used 16828K, committed 17280K, reserved 1048576K
}
Event: 123.820 GC heap after
{Heap after GC invocations=56 (full 0):
 garbage-first heap   total 319488K, used 195157K [0x0000000080000000, 0x0000000100000000)
  region size 1024K, 10 young (10240K), 10 survivors (10240K)
 Metaspace       used 127085K, committed 128000K, reserved 1179648K
  class space    used 16828K, committed 17280K, reserved 1048576K
}
Event: 124.441 GC heap before
{Heap before GC invocations=56 (full 0):
 garbage-first heap   total 319488K, used 270933K [0x0000000080000000, 0x0000000100000000)
  region size 1024K, 68 young (69632K), 10 survivors (10240K)
 Metaspace       used 127814K, committed 128832K, reserved 1179648K
  class space    used 16899K, committed 17408K, reserved 1048576K
}

