# JRE version: OpenJDK Runtime Environment (17.0.10) (build 17.0.10+0--11609105)
# Java VM: OpenJDK 64-Bit Server VM (17.0.10+0--11609105, mixed mode, tiered, compressed oops, compressed class ptrs, g1 gc, windows-amd64)
GC Precious Log:
 CPUs: 8 total, 8 available
 Memory: 7502M
 Large Page Support: Disabled
 NUMA Support: Disabled
 Compressed Oops: Enabled (32-bit)
 Heap Region Size: 1M
 Heap Min Capacity: 8M
 Heap Initial Capacity: 118M
 Heap Max Capacity: 2G
 Pre-touch: Disabled
 Parallel Workers: 8
 Concurrent Workers: 2
 Concurrent Refinement Workers: 8
 Periodic GC: Disabled
Heap:
 garbage-first heap   total 366592K, used 189090K [0x0000000080000000, 0x0000000100000000)
  region size 1024K, 9 young (9216K), 9 survivors (9216K)
 Metaspace       used 160789K, committed 161856K, reserved 1245184K
  class space    used 22162K, committed 22656K, reserved 1048576K
GC Heap History (20 events):
Event: 60.411 GC heap after
{Heap after GC invocations=68 (full 0):
 garbage-first heap   total 366592K, used 149106K [0x0000000080000000, 0x0000000100000000)
  region size 1024K, 21 young (21504K), 21 survivors (21504K)
 Metaspace       used 140206K, committed 141184K, reserved 1179648K
  class space    used 19123K, committed 19584K, reserved 1048576K
}
Event: 61.979 GC heap before
{Heap before GC invocations=68 (full 0):
 garbage-first heap   total 366592K, used 290418K [0x0000000080000000, 0x0000000100000000)
  region size 1024K, 159 young (162816K), 21 survivors (21504K)
 Metaspace       used 150328K, committed 151296K, reserved 1179648K
  class space    used 21038K, committed 21504K, reserved 1048576K
}
Event: 62.016 GC heap after
{Heap after GC invocations=69 (full 0):
 garbage-first heap   total 366592K, used 143879K [0x0000000080000000, 0x0000000100000000)
  region size 1024K, 6 young (6144K), 6 survivors (6144K)
 Metaspace       used 150328K, committed 151296K, reserved 1179648K
  class space    used 21038K, committed 21504K, reserved 1048576K
}
Event: 63.110 GC heap before
{Heap before GC invocations=69 (full 0):
 garbage-first heap   total 366592K, used 231943K [0x0000000080000000, 0x0000000100000000)
  region size 1024K, 59 young (60416K), 6 survivors (6144K)
 Metaspace       used 152830K, committed 153856K, reserved 1245184K
  class space    used 21439K, committed 21952K, reserved 1048576K
}
Event: 63.118 GC heap after
{Heap after GC invocations=70 (full 0):
 garbage-first heap   total 366592K, used 166586K [0x0000000080000000, 0x0000000100000000)
  region size 1024K, 4 young (4096K), 4 survivors (4096K)
 Metaspace       used 152830K, committed 153856K, reserved 1245184K
  class space    used 21439K, committed 21952K, reserved 1048576K
}
Event: 63.146 GC heap before
{Heap before GC invocations=70 (full 0):
 garbage-first heap   total 366592K, used 195258K [0x0000000080000000, 0x0000000100000000)
  region size 1024K, 5 young (5120K), 4 survivors (4096K)
 Metaspace       used 152830K, committed 153856K, reserved 1245184K
  class space    used 21439K, committed 21952K, reserved 1048576K
}
Event: 63.152 GC heap after
{Heap after GC invocations=71 (full 0):
 garbage-first heap   total 366592K, used 168181K [0x0000000080000000, 0x0000000100000000)
  region size 1024K, 4 young (4096K), 4 survivors (4096K)
 Metaspace       used 152830K, committed 153856K, reserved 1245184K
  class space    used 21439K, committed 21952K, reserved 1048576K
}
Event: 63.166 GC heap before
{Heap before GC invocations=71 (full 0):
 garbage-first heap   total 366592K, used 184565K [0x0000000080000000, 0x0000000100000000)
  region size 1024K, 5 young (5120K), 4 survivors (4096K)
 Metaspace       used 152830K, committed 153856K, reserved 1245184K
  class space    used 21439K, committed 21952K, reserved 1048576K
}
Event: 63.172 GC heap after
{Heap after GC invocations=72 (full 0):
 garbage-first heap   total 366592K, used 168297K [0x0000000080000000, 0x0000000100000000)
  region size 1024K, 4 young (4096K), 4 survivors (4096K)
 Metaspace       used 152830K, committed 153856K, reserved 1245184K
  class space    used 21439K, committed 21952K, reserved 1048576K
}
Event: 63.183 GC heap before
{Heap before GC invocations=72 (full 0):
 garbage-first heap   total 366592K, used 180585K [0x0000000080000000, 0x0000000100000000)
  region size 1024K, 5 young (5120K), 4 survivors (4096K)
 Metaspace       used 152830K, committed 153856K, reserved 1245184K
  class space    used 21439K, committed 21952K, reserved 1048576K
}
Event: 63.188 GC heap after
{Heap after GC invocations=73 (full 0):
 garbage-first heap   total 366592K, used 168278K [0x0000000080000000, 0x0000000100000000)
  region size 1024K, 4 young (4096K), 4 survivors (4096K)
 Metaspace       used 152830K, committed 153856K, reserved 1245184K
  class space    used 21439K, committed 21952K, reserved 1048576K
}
Event: 1322.235 GC heap before
{Heap before GC invocations=73 (full 0):
 garbage-first heap   total 366592K, used 322902K [0x0000000080000000, 0x0000000100000000)
  region size 1024K, 148 young (151552K), 4 survivors (4096K)
 Metaspace       used 159154K, committed 160256K, reserved 1245184K
  class space    used 22025K, committed 22592K, reserved 1048576K
}
Event: 1322.284 GC heap after
{Heap after GC invocations=74 (full 0):
 garbage-first heap   total 366592K, used 149423K [0x0000000080000000, 0x0000000100000000)
  region size 1024K, 11 young (11264K), 11 survivors (11264K)
 Metaspace       used 159154K, committed 160256K, reserved 1245184K
  class space    used 22025K, committed 22592K, reserved 1048576K
}
Event: 1323.786 GC heap before
{Heap before GC invocations=74 (full 0):
 garbage-first heap   total 366592K, used 227247K [0x0000000080000000, 0x0000000100000000)
  region size 1024K, 74 young (75776K), 11 survivors (11264K)
 Metaspace       used 159291K, committed 160384K, reserved 1245184K
  class space    used 22026K, committed 22592K, reserved 1048576K
}
Event: 1323.927 GC heap after
{Heap after GC invocations=75 (full 0):
 garbage-first heap   total 366592K, used 179351K [0x0000000080000000, 0x0000000100000000)
  region size 1024K, 22 young (22528K), 22 survivors (22528K)
 Metaspace       used 159291K, committed 160384K, reserved 1245184K
  class space    used 22026K, committed 22592K, reserved 1048576K
}
Event: 1330.597 GC heap before
{Heap before GC invocations=76 (full 0):
 garbage-first heap   total 366592K, used 291991K [0x0000000080000000, 0x0000000100000000)
  region size 1024K, 129 young (132096K), 22 survivors (22528K)
 Metaspace       used 160423K, committed 161472K, reserved 1245184K
  class space    used 22158K, committed 22656K, reserved 1048576K
}
Event: 1330.649 GC heap after
{Heap after GC invocations=77 (full 0):
 garbage-first heap   total 366592K, used 183012K [0x0000000080000000, 0x0000000100000000)
  region size 1024K, 8 young (8192K), 8 survivors (8192K)
 Metaspace       used 160423K, committed 161472K, reserved 1245184K
  class space    used 22158K, committed 22656K, reserved 1048576K
}
Event: 1330.672 GC heap before
{Heap before GC invocations=77 (full 0):
 garbage-first heap   total 366592K, used 191204K [0x0000000080000000, 0x0000000100000000)
  region size 1024K, 17 young (17408K), 8 survivors (8192K)
 Metaspace       used 160427K, committed 161472K, reserved 1245184K
  class space    used 22158K, committed 22656K, reserved 1048576K
}
Event: 1330.682 GC heap after
{Heap after GC invocations=78 (full 0):
 garbage-first heap   total 366592K, used 178990K [0x0000000080000000, 0x0000000100000000)
  region size 1024K, 1 young (1024K), 1 survivors (1024K)
 Metaspace       used 160427K, committed 161472K, reserved 1245184K
  class space    used 22158K, committed 22656K, reserved 1048576K
}
Event: 1338.639 GC heap before
{Heap before GC invocations=78 (full 0):
 garbage-first heap   total 366592K, used 296750K [0x0000000080000000, 0x0000000100000000)
  region size 1024K, 113 young (115712K), 1 survivors (1024K)
 Metaspace       used 160789K, committed 161856K, reserved 1245184K
  class space    used 22162K, committed 22656K, reserved 1048576K
}

