# JRE version: OpenJDK Runtime Environment (17.0.10) (build 17.0.10+0--11609105)
# Java VM: OpenJDK 64-Bit Server VM (17.0.10+0--11609105, mixed mode, tiered, compressed oops, compressed class ptrs, g1 gc, windows-amd64)
GC Precious Log:
 CPUs: 8 total, 8 available
 Memory: 7502M
 Large Page Support: Disabled
 NUMA Support: Disabled
 Compressed Oops: Enabled (32-bit)
 Heap Region Size: 1M
 Heap Min Capacity: 8M
 Heap Initial Capacity: 118M
 Heap Max Capacity: 2G
 Pre-touch: Disabled
 Parallel Workers: 8
 Concurrent Workers: 2
 Concurrent Refinement Workers: 8
 Periodic GC: Disabled
Heap:
 garbage-first heap   total 249856K, used 210678K [0x0000000080000000, 0x0000000100000000)
  region size 1024K, 6 young (6144K), 6 survivors (6144K)
 Metaspace       used 115523K, committed 116352K, reserved 1179648K
  class space    used 15521K, committed 15936K, reserved 1048576K
GC Heap History (20 events):
Event: 28.085 GC heap after
{Heap after GC invocations=37 (full 0):
 garbage-first heap   total 183296K, used 116561K [0x0000000080000000, 0x0000000100000000)
  region size 1024K, 6 young (6144K), 6 survivors (6144K)
 Metaspace       used 107663K, committed 108416K, reserved 1179648K
  class space    used 14719K, committed 15104K, reserved 1048576K
}
Event: 28.802 GC heap before
{Heap before GC invocations=37 (full 0):
 garbage-first heap   total 183296K, used 158545K [0x0000000080000000, 0x0000000100000000)
  region size 1024K, 39 young (39936K), 6 survivors (6144K)
 Metaspace       used 107770K, committed 108544K, reserved 1179648K
  class space    used 14719K, committed 15104K, reserved 1048576K
}
Event: 28.821 GC heap after
{Heap after GC invocations=38 (full 0):
 garbage-first heap   total 183296K, used 135434K [0x0000000080000000, 0x0000000100000000)
  region size 1024K, 5 young (5120K), 5 survivors (5120K)
 Metaspace       used 107770K, committed 108544K, reserved 1179648K
  class space    used 14719K, committed 15104K, reserved 1048576K
}
Event: 29.248 GC heap before
{Heap before GC invocations=38 (full 0):
 garbage-first heap   total 183296K, used 149770K [0x0000000080000000, 0x0000000100000000)
  region size 1024K, 20 young (20480K), 5 survivors (5120K)
 Metaspace       used 108193K, committed 108928K, reserved 1179648K
  class space    used 14764K, committed 15104K, reserved 1048576K
}
Event: 29.258 GC heap after
{Heap after GC invocations=39 (full 0):
 garbage-first heap   total 220160K, used 137961K [0x0000000080000000, 0x0000000100000000)
  region size 1024K, 2 young (2048K), 2 survivors (2048K)
 Metaspace       used 108193K, committed 108928K, reserved 1179648K
  class space    used 14764K, committed 15104K, reserved 1048576K
}
Event: 30.628 GC heap before
{Heap before GC invocations=40 (full 0):
 garbage-first heap   total 249856K, used 177897K [0x0000000080000000, 0x0000000100000000)
  region size 1024K, 34 young (34816K), 2 survivors (2048K)
 Metaspace       used 109736K, committed 110464K, reserved 1179648K
  class space    used 14978K, committed 15360K, reserved 1048576K
}
Event: 30.640 GC heap after
{Heap after GC invocations=41 (full 0):
 garbage-first heap   total 249856K, used 142704K [0x0000000080000000, 0x0000000100000000)
  region size 1024K, 5 young (5120K), 5 survivors (5120K)
 Metaspace       used 109736K, committed 110464K, reserved 1179648K
  class space    used 14978K, committed 15360K, reserved 1048576K
}
Event: 30.903 GC heap before
{Heap before GC invocations=41 (full 0):
 garbage-first heap   total 249856K, used 149872K [0x0000000080000000, 0x0000000100000000)
  region size 1024K, 12 young (12288K), 5 survivors (5120K)
 Metaspace       used 110383K, committed 111168K, reserved 1179648K
  class space    used 15045K, committed 15424K, reserved 1048576K
}
Event: 30.911 GC heap after
{Heap after GC invocations=42 (full 0):
 garbage-first heap   total 249856K, used 142247K [0x0000000080000000, 0x0000000100000000)
  region size 1024K, 2 young (2048K), 2 survivors (2048K)
 Metaspace       used 110383K, committed 111168K, reserved 1179648K
  class space    used 15045K, committed 15424K, reserved 1048576K
}
Event: 31.667 GC heap before
{Heap before GC invocations=42 (full 0):
 garbage-first heap   total 249856K, used 207783K [0x0000000080000000, 0x0000000100000000)
  region size 1024K, 50 young (51200K), 2 survivors (2048K)
 Metaspace       used 111085K, committed 111808K, reserved 1179648K
  class space    used 15117K, committed 15488K, reserved 1048576K
}
Event: 31.675 GC heap after
{Heap after GC invocations=43 (full 0):
 garbage-first heap   total 249856K, used 146627K [0x0000000080000000, 0x0000000100000000)
  region size 1024K, 6 young (6144K), 6 survivors (6144K)
 Metaspace       used 111085K, committed 111808K, reserved 1179648K
  class space    used 15117K, committed 15488K, reserved 1048576K
}
Event: 32.161 GC heap before
{Heap before GC invocations=43 (full 0):
 garbage-first heap   total 249856K, used 194755K [0x0000000080000000, 0x0000000100000000)
  region size 1024K, 54 young (55296K), 6 survivors (6144K)
 Metaspace       used 113796K, committed 114624K, reserved 1179648K
  class space    used 15378K, committed 15808K, reserved 1048576K
}
Event: 32.173 GC heap after
{Heap after GC invocations=44 (full 0):
 garbage-first heap   total 249856K, used 153569K [0x0000000080000000, 0x0000000100000000)
  region size 1024K, 7 young (7168K), 7 survivors (7168K)
 Metaspace       used 113796K, committed 114624K, reserved 1179648K
  class space    used 15378K, committed 15808K, reserved 1048576K
}
Event: 32.481 GC heap before
{Heap before GC invocations=44 (full 0):
 garbage-first heap   total 249856K, used 198625K [0x0000000080000000, 0x0000000100000000)
  region size 1024K, 52 young (53248K), 7 survivors (7168K)
 Metaspace       used 114354K, committed 115136K, reserved 1179648K
  class space    used 15419K, committed 15808K, reserved 1048576K
}
Event: 32.492 GC heap after
{Heap after GC invocations=45 (full 0):
 garbage-first heap   total 249856K, used 155809K [0x0000000080000000, 0x0000000100000000)
  region size 1024K, 3 young (3072K), 3 survivors (3072K)
 Metaspace       used 114354K, committed 115136K, reserved 1179648K
  class space    used 15419K, committed 15808K, reserved 1048576K
}
Event: 32.889 GC heap before
{Heap before GC invocations=45 (full 0):
 garbage-first heap   total 249856K, used 201889K [0x0000000080000000, 0x0000000100000000)
  region size 1024K, 49 young (50176K), 3 survivors (3072K)
 Metaspace       used 114958K, committed 115712K, reserved 1179648K
  class space    used 15470K, committed 15872K, reserved 1048576K
}
Event: 32.896 GC heap after
{Heap after GC invocations=46 (full 0):
 garbage-first heap   total 249856K, used 158616K [0x0000000080000000, 0x0000000100000000)
  region size 1024K, 6 young (6144K), 6 survivors (6144K)
 Metaspace       used 114958K, committed 115712K, reserved 1179648K
  class space    used 15470K, committed 15872K, reserved 1048576K
}
Event: 32.962 GC heap before
{Heap before GC invocations=46 (full 0):
 garbage-first heap   total 249856K, used 166808K [0x0000000080000000, 0x0000000100000000)
  region size 1024K, 15 young (15360K), 6 survivors (6144K)
 Metaspace       used 114981K, committed 115776K, reserved 1179648K
  class space    used 15471K, committed 15872K, reserved 1048576K
}
Event: 32.971 GC heap after
{Heap after GC invocations=47 (full 0):
 garbage-first heap   total 249856K, used 160319K [0x0000000080000000, 0x0000000100000000)
  region size 1024K, 3 young (3072K), 3 survivors (3072K)
 Metaspace       used 114981K, committed 115776K, reserved 1179648K
  class space    used 15471K, committed 15872K, reserved 1048576K
}
Event: 33.335 GC heap before
{Heap before GC invocations=47 (full 0):
 garbage-first heap   total 249856K, used 237119K [0x0000000080000000, 0x0000000100000000)
  region size 1024K, 37 young (37888K), 3 survivors (3072K)
 Metaspace       used 115523K, committed 116352K, reserved 1179648K
  class space    used 15521K, committed 15936K, reserved 1048576K
}

